<?xml version="1.0" encoding="UTF-8"?>
<testng-results ignored="0" total="1" passed="1" failed="0" skipped="0">
  <reporter-output>
  </reporter-output>
  <suite started-at="2024-05-16T16:03:17 IST" name="Default suite" finished-at="2024-05-16T16:03:32 IST" duration-ms="15037">
    <groups>
    </groups>
    <test started-at="2024-05-16T16:03:17 IST" name="Default test" finished-at="2024-05-16T16:03:32 IST" duration-ms="15037">
      <class name="books.ClickOnBooks">
        <test-method signature="click()[pri:0, instance:books.ClickOnBooks@1a482e36]" started-at="2024-05-16T16:03:17 IST" name="click" finished-at="2024-05-16T16:03:32 IST" duration-ms="14998" status="PASS">
          <reporter-output>
          </reporter-output>
        </test-method> <!-- click -->
      </class> <!-- books.ClickOnBooks -->
    </test> <!-- Default test -->
  </suite> <!-- Default suite -->
</testng-results>
