<?xml version="1.0" encoding="UTF-8"?>
<testng-results ignored="0" total="1" passed="1" failed="0" skipped="0">
  <reporter-output>
  </reporter-output>
  <suite started-at="2024-05-09T16:42:42 IST" name="Default suite" finished-at="2024-05-09T16:42:42 IST" duration-ms="54">
    <groups>
    </groups>
    <test started-at="2024-05-09T16:42:42 IST" name="Default test" finished-at="2024-05-09T16:42:42 IST" duration-ms="54">
      <class name="register.TC_DWS_002_Test">
        <test-method signature="getDataFromFile()[pri:0, instance:register.TC_DWS_002_Test@4efbca5a]" started-at="2024-05-09T16:42:42 IST" name="getDataFromFile" finished-at="2024-05-09T16:42:42 IST" duration-ms="10" status="PASS">
          <reporter-output>
          </reporter-output>
        </test-method> <!-- getDataFromFile -->
      </class> <!-- register.TC_DWS_002_Test -->
    </test> <!-- Default test -->
  </suite> <!-- Default suite -->
</testng-results>
